<?xml version="1.0" encoding="UTF-8"?>
<!-- Generated by org.testng.reporters.JUnitXMLReporter -->
<testsuite ignored="1" hostname="KQ-LP-045" failures="0" tests="1" name="Default test" time="33.71" errors="0" timestamp="2024-07-02T12:45:45 IST">
  <testcase classname="com.kiwiqa.testreport.TestClass" name="formReg" time="26.977"/>
  <testcase classname="com.kiwiqa.testreport.TestClass" name="loginVerify" time="0.0">
    <ignored/>
  </testcase> <!-- loginVerify -->
</testsuite> <!-- Default test -->
