<?xml version="1.0" encoding="UTF-8"?>
<!-- Generated by org.testng.reporters.JUnitXMLReporter -->
<testsuite ignored="0" hostname="KQ-LP-045" failures="1" tests="1" name="Test" time="33.885" errors="0" timestamp="2024-07-02T11:01:12 IST">
  <testcase classname="com.kiwiqa.testreport.TestClass" name="loginVerify" time="24.057">
    <failure type="java.lang.AssertionError" message="expected [Successfully Updated] but found []">
      <![CDATA[java.lang.AssertionError: expected [Successfully Updated] but found []
at com.kiwiqa.orangehrmpages.MyInfoPageMethod2.verifySuccessfullyUpdate(MyInfoPageMethod2.java:88)
at com.kiwiqa.testreport.TestClass.loginVerify(TestClass.java:77)
at java.base/java.util.ArrayList.forEach(ArrayList.java:1596)
... Removed 31 stack frames]]>
    </failure>
  </testcase> <!-- loginVerify -->
</testsuite> <!-- Test -->
