<?xml version="1.0" encoding="UTF-8"?>
<testng-results ignored="0" total="1" passed="1" failed="0" skipped="0">
  <reporter-output>
  </reporter-output>
  <suite started-at="2024-07-02T11:29:12 IST" name="Suite" finished-at="2024-07-02T11:29:47 IST" duration-ms="35710">
    <groups>
    </groups>
    <test started-at="2024-07-02T11:29:12 IST" name="Test" finished-at="2024-07-02T11:29:47 IST" duration-ms="35710">
      <class name="com.kiwiqa.testreport.TestClass">
        <test-method is-config="true" signature="beforeTest()[pri:0, instance:com.kiwiqa.testreport.TestClass@61862a7f]" started-at="2024-07-02T11:29:12 IST" name="beforeTest" finished-at="2024-07-02T11:29:17 IST" duration-ms="5280" status="PASS">
          <reporter-output>
          </reporter-output>
        </test-method> <!-- beforeTest -->
        <test-method signature="loginVerify()[pri:0, instance:com.kiwiqa.testreport.TestClass@61862a7f]" started-at="2024-07-02T11:29:17 IST" name="loginVerify" finished-at="2024-07-02T11:29:44 IST" duration-ms="27293" status="PASS">
          <reporter-output>
          </reporter-output>
        </test-method> <!-- loginVerify -->
        <test-method is-config="true" signature="afterMethod(org.testng.ITestResult)[pri:0, instance:com.kiwiqa.testreport.TestClass@61862a7f]" started-at="2024-07-02T11:29:44 IST" name="afterMethod" finished-at="2024-07-02T11:29:47 IST" duration-ms="2235" status="PASS">
          <params>
            <param index="0">
              <value>
                <![CDATA[[TestResult name=loginVerify status=SUCCESS method=TestClass.loginVerify()[pri:0, instance:com.kiwiqa.testreport.TestClass@61862a7f] output={null}]]]>
              </value>
            </param>
          </params>
          <reporter-output>
          </reporter-output>
        </test-method> <!-- afterMethod -->
        <test-method is-config="true" signature="afterclass()[pri:0, instance:com.kiwiqa.testreport.TestClass@61862a7f]" started-at="2024-07-02T11:29:47 IST" name="afterclass" finished-at="2024-07-02T11:29:47 IST" duration-ms="840" status="PASS">
          <reporter-output>
          </reporter-output>
        </test-method> <!-- afterclass -->
      </class> <!-- com.kiwiqa.testreport.TestClass -->
    </test> <!-- Test -->
  </suite> <!-- Suite -->
</testng-results>
