<?xml version="1.0" encoding="UTF-8"?>
<testng-results ignored="1" total="2" passed="1" failed="0" skipped="0">
  <reporter-output>
  </reporter-output>
  <suite started-at="2024-07-02T12:45:12 IST" name="Default suite" finished-at="2024-07-02T12:45:45 IST" duration-ms="33710">
    <groups>
    </groups>
    <test started-at="2024-07-02T12:45:12 IST" name="Default test" finished-at="2024-07-02T12:45:45 IST" duration-ms="33710">
      <class name="com.kiwiqa.testreport.TestClass">
        <test-method is-config="true" signature="beforeTest()[pri:0, instance:com.kiwiqa.testreport.TestClass@72d1ad2e]" started-at="2024-07-02T12:45:12 IST" name="beforeTest" finished-at="2024-07-02T12:45:15 IST" duration-ms="3591" status="PASS">
          <reporter-output>
          </reporter-output>
        </test-method> <!-- beforeTest -->
        <test-method signature="formReg()[pri:0, instance:com.kiwiqa.testreport.TestClass@72d1ad2e]" started-at="2024-07-02T12:45:15 IST" name="formReg" finished-at="2024-07-02T12:45:42 IST" duration-ms="26977" status="PASS">
          <reporter-output>
          </reporter-output>
        </test-method> <!-- formReg -->
        <test-method is-config="true" signature="afterMethod(org.testng.ITestResult)[pri:0, instance:com.kiwiqa.testreport.TestClass@72d1ad2e]" started-at="2024-07-02T12:45:42 IST" name="afterMethod" finished-at="2024-07-02T12:45:44 IST" duration-ms="2246" status="PASS">
          <params>
            <param index="0">
              <value>
                <![CDATA[[TestResult name=formReg status=SUCCESS method=TestClass.formReg()[pri:0, instance:com.kiwiqa.testreport.TestClass@72d1ad2e] output={null}]]]>
              </value>
            </param>
          </params>
          <reporter-output>
          </reporter-output>
        </test-method> <!-- afterMethod -->
        <test-method is-config="true" signature="afterclass()[pri:0, instance:com.kiwiqa.testreport.TestClass@72d1ad2e]" started-at="2024-07-02T12:45:44 IST" name="afterclass" finished-at="2024-07-02T12:45:45 IST" duration-ms="825" status="PASS">
          <reporter-output>
          </reporter-output>
        </test-method> <!-- afterclass -->
      </class> <!-- com.kiwiqa.testreport.TestClass -->
    </test> <!-- Default test -->
  </suite> <!-- Default suite -->
</testng-results>
